Reading OpenROAD database at '/local/proj/swanson/revA0/digital/tristate_test/runs/RUN_2024-10-24_18-27-05/20-openroad-generatepdn/tristate_test.odb'…
Reading library file at '/home/rtsang/.volare/volare/sky130/versions/bdc9412b3e468c102d01b7cf6337be06ec6e9c9a/sky130A/libs.ref/sky130_fd_sc_hd/lib/sky130_fd_sc_hd__tt_025C_1v80.lib'…
Reading design constraints file at '/nix/store/ly8g3mcmscy67krhznzmkhbdvmqi6y4d-python3-3.11.9-env/lib/python3.11/site-packages/openlane/scripts/base.sdc'…
[WARNING] No CLOCK_PORT found. A dummy clock will be used.
[WARNING STA-0366] port '__VIRTUAL_CLK__' not found.
[INFO] Using clock __VIRTUAL_CLK__…
[INFO] Setting output delay to: 2
[INFO] Setting input delay to: 2
[WARNING STA-0366] port '__VIRTUAL_CLK__' not found.
[INFO] Setting load to: 0.033442
[INFO] Setting clock uncertainty to: 0.25
[INFO] Setting clock transition to: 0.1499999999999999944488848768742172978818416595458984375
[WARNING STA-0419] transition time can not be specified for virtual clocks.
[INFO] Setting timing derate to: 5%
[WARNING STA-0450] virtual clock __VIRTUAL_CLK__ can not be propagated.
[INFO GPL-0002] DBU: 1000
[INFO GPL-0003] SiteSize: (  0.460  2.720 ) um
[INFO GPL-0004] CoreBBox: ( 30.360 32.640 ) ( 69.920 68.000 ) um
[INFO GPL-0006] NumInstances:                43
[INFO GPL-0007] NumPlaceInstances:            2
[INFO GPL-0008] NumFixedInstances:           41
[INFO GPL-0009] NumDummyInstances:            0
[INFO GPL-0010] NumNets:                      4
[INFO GPL-0011] NumPins:                      5
[INFO GPL-0012] DieBBox:  (  0.000  0.000 ) ( 100.000 100.000 ) um
[INFO GPL-0013] CoreBBox: ( 30.360 32.640 ) ( 69.920 68.000 ) um
[INFO GPL-0016] CoreArea:              1398.842 um^2
[INFO GPL-0017] NonPlaceInstsArea:      116.362 um^2
[INFO GPL-0018] PlaceInstsArea:          15.014 um^2
[INFO GPL-0019] Util:                     1.171 %
[INFO GPL-0020] StdInstsArea:            15.014 um^2
[INFO GPL-0021] MacroInstsArea:           0.000 um^2
[INFO GPL-0031] FillerInit:NumGCells:        40
[INFO GPL-0032] FillerInit:NumGNets:          4
[INFO GPL-0033] FillerInit:NumGPins:          5
[INFO GPL-0023] TargetDensity:            0.124
[INFO GPL-0024] AvrgPlaceInstArea:        7.507 um^2
[INFO GPL-0025] IdealBinArea:            60.469 um^2
[INFO GPL-0026] IdealBinCnt:                 23
[INFO GPL-0027] TotalBinArea:          1398.842 um^2
[INFO GPL-0028] BinCnt:         4      4
[INFO GPL-0029] BinSize: (  9.890  8.840 )
[INFO GPL-0030] NumBins: 16
[NesterovSolve] Iter:    1 overflow: 0.000 HPWL: 43
[NesterovSolve] Finished with Overflow: 0.000000
[INFO] Setting RC values…
Setting global connections for newly added cells…
[INFO] Setting global connections...
Writing OpenROAD database to '/local/proj/swanson/revA0/digital/tristate_test/runs/RUN_2024-10-24_18-27-05/23-openroad-globalplacementskipio/tristate_test.odb'…
Writing netlist to '/local/proj/swanson/revA0/digital/tristate_test/runs/RUN_2024-10-24_18-27-05/23-openroad-globalplacementskipio/tristate_test.nl.v'…
Writing powered netlist to '/local/proj/swanson/revA0/digital/tristate_test/runs/RUN_2024-10-24_18-27-05/23-openroad-globalplacementskipio/tristate_test.pnl.v'…
Writing layout to '/local/proj/swanson/revA0/digital/tristate_test/runs/RUN_2024-10-24_18-27-05/23-openroad-globalplacementskipio/tristate_test.def'…
Writing timing constraints to '/local/proj/swanson/revA0/digital/tristate_test/runs/RUN_2024-10-24_18-27-05/23-openroad-globalplacementskipio/tristate_test.sdc'…
