Reading OpenROAD database at '/local/proj/swanson/revA0/digital/tristate_test/runs/RUN_2024-10-24_18-27-05/31-openroad-repairdesignpostgpl/tristate_test.odb'…
Reading library file at '/home/rtsang/.volare/volare/sky130/versions/bdc9412b3e468c102d01b7cf6337be06ec6e9c9a/sky130A/libs.ref/sky130_fd_sc_hd/lib/sky130_fd_sc_hd__tt_025C_1v80.lib'…
Reading design constraints file at '/nix/store/ly8g3mcmscy67krhznzmkhbdvmqi6y4d-python3-3.11.9-env/lib/python3.11/site-packages/openlane/scripts/base.sdc'…
[WARNING] No CLOCK_PORT found. A dummy clock will be used.
[WARNING STA-0366] port '__VIRTUAL_CLK__' not found.
[INFO] Using clock __VIRTUAL_CLK__…
[INFO] Setting output delay to: 2
[INFO] Setting input delay to: 2
[WARNING STA-0366] port '__VIRTUAL_CLK__' not found.
[INFO] Setting load to: 0.033442
[INFO] Setting clock uncertainty to: 0.25
[INFO] Setting clock transition to: 0.1499999999999999944488848768742172978818416595458984375
[WARNING STA-0419] transition time can not be specified for virtual clocks.
[INFO] Setting timing derate to: 5%
[WARNING STA-0450] virtual clock __VIRTUAL_CLK__ can not be propagated.
Placement Analysis
---------------------------------
total displacement          0.0 u
average displacement        0.0 u
max displacement            0.0 u
original HPWL             137.6 u
legalized HPWL            141.2 u
delta HPWL                    3 %

[INFO DPL-0020] Mirrored 2 instances
[INFO DPL-0021] HPWL before             141.2 u
[INFO DPL-0022] HPWL after              137.6 u
[INFO DPL-0023] HPWL delta               -2.6 %
Setting global connections for newly added cells…
[INFO] Setting global connections...
Writing OpenROAD database to '/local/proj/swanson/revA0/digital/tristate_test/runs/RUN_2024-10-24_18-27-05/32-openroad-detailedplacement/tristate_test.odb'…
Writing netlist to '/local/proj/swanson/revA0/digital/tristate_test/runs/RUN_2024-10-24_18-27-05/32-openroad-detailedplacement/tristate_test.nl.v'…
Writing powered netlist to '/local/proj/swanson/revA0/digital/tristate_test/runs/RUN_2024-10-24_18-27-05/32-openroad-detailedplacement/tristate_test.pnl.v'…
Writing layout to '/local/proj/swanson/revA0/digital/tristate_test/runs/RUN_2024-10-24_18-27-05/32-openroad-detailedplacement/tristate_test.def'…
Writing timing constraints to '/local/proj/swanson/revA0/digital/tristate_test/runs/RUN_2024-10-24_18-27-05/32-openroad-detailedplacement/tristate_test.sdc'…
