
===========================================================================
report_checks -path_delay min (Hold)
============================================================================
======================= nom_tt_025C_1v80 Corner ===================================

Startpoint: en (input port clocked by __VIRTUAL_CLK__)
Endpoint: out (output port clocked by __VIRTUAL_CLK__)
Path Group: __VIRTUAL_CLK__
Path Type: min

Fanout         Cap        Slew       Delay        Time   Description
---------------------------------------------------------------------------------------------
                      0.000000    0.000000    0.000000   clock __VIRTUAL_CLK__ (rise edge)
                                  0.000000    0.000000   clock network delay (ideal)
                                  2.000000    2.000000 v input external delay
     1    0.005661    0.015050    0.009205    2.009205 v en (in)
                                                         en (net)
                      0.015051    0.000000    2.009205 v input1/A (sky130_fd_sc_hd__clkbuf_1)
     1    0.006084    0.043791    0.090002    2.099207 v input1/X (sky130_fd_sc_hd__clkbuf_1)
                                                         net1 (net)
                      0.043792    0.000241    2.099448 v _1_/A (sky130_fd_sc_hd__inv_2)
     1    0.012932    0.064148    0.071956    2.171404 ^ _1_/Y (sky130_fd_sc_hd__inv_2)
                                                         _0_ (net)
                      0.064154    0.000518    2.171922 ^ _2_/TE_B (sky130_fd_sc_hd__ebufn_8)
     1    0.048211    0.000000    0.052428    2.224350 v _2_/Z (sky130_fd_sc_hd__ebufn_8)
                                                         out (net)
                      0.000000    0.002082    2.226432 v out (out)
                                              2.226432   data arrival time

                      0.000000    0.000000    0.000000   clock __VIRTUAL_CLK__ (rise edge)
                                  0.000000    0.000000   clock network delay (ideal)
                                  0.250000    0.250000   clock uncertainty
                                  0.000000    0.250000   clock reconvergence pessimism
                                 -2.000000   -1.750000   output external delay
                                             -1.750000   data required time
---------------------------------------------------------------------------------------------
                                             -1.750000   data required time
                                             -2.226432   data arrival time
---------------------------------------------------------------------------------------------
                                              3.976433   slack (MET)



