
===========================================================================
report_checks -path_delay max (Setup)
============================================================================
======================= nom_tt_025C_1v80 Corner ===================================

Startpoint: in (input port clocked by __VIRTUAL_CLK__)
Endpoint: out (output port clocked by __VIRTUAL_CLK__)
Path Group: __VIRTUAL_CLK__
Path Type: max

Fanout         Cap        Slew       Delay        Time   Description
---------------------------------------------------------------------------------------------
                      0.000000    0.000000    0.000000   clock __VIRTUAL_CLK__ (rise edge)
                                  0.000000    0.000000   clock network delay (ideal)
                                  2.000000    2.000000 ^ input external delay
     1    0.001893    0.016359    0.007117    2.007118 ^ in (in)
                                                         in (net)
                      0.016359    0.000000    2.007118 ^ _2_/A (sky130_fd_sc_hd__ebufn_2)
     1    0.036196    0.427023    0.382066    2.389184 ^ _2_/Z (sky130_fd_sc_hd__ebufn_2)
                                                         out (net)
                      0.427023    0.000000    2.389184 ^ out (out)
                                              2.389184   data arrival time

                      0.000000   10.000000   10.000000   clock __VIRTUAL_CLK__ (rise edge)
                                  0.000000   10.000000   clock network delay (ideal)
                                 -0.250000    9.750000   clock uncertainty
                                  0.000000    9.750000   clock reconvergence pessimism
                                 -2.000000    7.750000   output external delay
                                              7.750000   data required time
---------------------------------------------------------------------------------------------
                                              7.750000   data required time
                                             -2.389184   data arrival time
---------------------------------------------------------------------------------------------
                                              5.360816   slack (MET)



