
===========================================================================
report_checks -path_delay min (Hold)
============================================================================
======================= nom_tt_025C_1v80 Corner ===================================

Startpoint: en (input port clocked by __VIRTUAL_CLK__)
Endpoint: out (output port clocked by __VIRTUAL_CLK__)
Path Group: __VIRTUAL_CLK__
Path Type: min

Fanout         Cap        Slew       Delay        Time   Description
---------------------------------------------------------------------------------------------
                      0.000000    0.000000    0.000000   clock __VIRTUAL_CLK__ (rise edge)
                                  0.000000    0.000000   clock network delay (ideal)
                                  2.000000    2.000000 v input external delay
     1    0.004276    0.012456    0.006889    2.006889 v en (in)
                                                         en (net)
                      0.012456    0.000000    2.006889 v _1_/A (sky130_fd_sc_hd__inv_2)
     1    0.004410    0.027656    0.032138    2.039027 ^ _1_/Y (sky130_fd_sc_hd__inv_2)
                                                         _0_ (net)
                      0.027656    0.000000    2.039027 ^ _2_/TE_B (sky130_fd_sc_hd__ebufn_2)
     1    0.036196    0.000000    0.037291    2.076318 v _2_/Z (sky130_fd_sc_hd__ebufn_2)
                                                         out (net)
                      0.000000    0.000000    2.076318 v out (out)
                                              2.076318   data arrival time

                      0.000000    0.000000    0.000000   clock __VIRTUAL_CLK__ (rise edge)
                                  0.000000    0.000000   clock network delay (ideal)
                                  0.250000    0.250000   clock uncertainty
                                  0.000000    0.250000   clock reconvergence pessimism
                                 -2.000000   -1.750000   output external delay
                                             -1.750000   data required time
---------------------------------------------------------------------------------------------
                                             -1.750000   data required time
                                             -2.076318   data arrival time
---------------------------------------------------------------------------------------------
                                              3.826318   slack (MET)



