
===========================================================================
report_checks -path_delay min (Hold)
============================================================================
======================= max_tt_025C_1v80 Corner ===================================

Startpoint: en (input port clocked by __VIRTUAL_CLK__)
Endpoint: out (output port clocked by __VIRTUAL_CLK__)
Path Group: __VIRTUAL_CLK__
Path Type: min

Fanout         Cap        Slew       Delay        Time   Description
---------------------------------------------------------------------------------------------
                      0.000000    0.000000    0.000000   clock __VIRTUAL_CLK__ (rise edge)
                                  0.000000    0.000000   clock network delay (ideal)
                                  2.000000    2.000000 v input external delay
     1    0.005169    0.013996    0.008456    2.008456 v en (in)
                                                         en (net)
                      0.014000    0.000000    2.008456 v input1/A (sky130_fd_sc_hd__clkbuf_1)
     1    0.005376    0.040007    0.086261    2.094717 v input1/X (sky130_fd_sc_hd__clkbuf_1)
                                                         net1 (net)
                      0.040010    0.000383    2.095101 v _1_/A (sky130_fd_sc_hd__inv_2)
     1    0.012310    0.061603    0.068097    2.163198 ^ _1_/Y (sky130_fd_sc_hd__inv_2)
                                                         _0_ (net)
                      0.061626    0.000972    2.164170 ^ _2_/TE_B (sky130_fd_sc_hd__ebufn_8)
     1    0.049346    0.000000    0.052596    2.216766 v _2_/Z (sky130_fd_sc_hd__ebufn_8)
                                                         out (net)
                      0.000000    0.003227    2.219993 v out (out)
                                              2.219993   data arrival time

                      0.000000    0.000000    0.000000   clock __VIRTUAL_CLK__ (rise edge)
                                  0.000000    0.000000   clock network delay (ideal)
                                  0.250000    0.250000   clock uncertainty
                                  0.000000    0.250000   clock reconvergence pessimism
                                 -2.000000   -1.750000   output external delay
                                             -1.750000   data required time
---------------------------------------------------------------------------------------------
                                             -1.750000   data required time
                                             -2.219993   data arrival time
---------------------------------------------------------------------------------------------
                                              3.969992   slack (MET)



