Reading timing models for corner min_ss_100C_1v60…
Reading cell library for the 'min_ss_100C_1v60' corner at '/home/rtsang/.volare/volare/sky130/versions/bdc9412b3e468c102d01b7cf6337be06ec6e9c9a/sky130A/libs.ref/sky130_fd_sc_hd/lib/sky130_fd_sc_hd__ss_100C_1v60.lib'…
Reading top-level netlist at '/local/proj/swanson/revA0/digital/tristate_test/runs/RUN_2024-10-24_18-27-05/49-openroad-fillinsertion/tristate_test.nl.v'…
Linking design 'tristate_test' from netlist…
Warning: /local/proj/swanson/revA0/digital/tristate_test/runs/RUN_2024-10-24_18-27-05/49-openroad-fillinsertion/tristate_test.nl.v line 43, module sky130_fd_sc_hd__tapvpwrvgnd_1 not found. Creating black box for TAP_TAPCELL_ROW_0_26.
Warning: /local/proj/swanson/revA0/digital/tristate_test/runs/RUN_2024-10-24_18-27-05/49-openroad-fillinsertion/tristate_test.nl.v line 62, module sky130_ef_sc_hd__decap_12 not found. Creating black box for FILLER_0_0_3.
Warning: /local/proj/swanson/revA0/digital/tristate_test/runs/RUN_2024-10-24_18-27-05/49-openroad-fillinsertion/tristate_test.nl.v line 64, module sky130_fd_sc_hd__fill_1 not found. Creating black box for FILLER_0_0_27.
Warning: /local/proj/swanson/revA0/digital/tristate_test/runs/RUN_2024-10-24_18-27-05/49-openroad-fillinsertion/tristate_test.nl.v line 70, module sky130_fd_sc_hd__fill_2 not found. Creating black box for FILLER_0_0_81.
Reading design constraints file at '/nix/store/ly8g3mcmscy67krhznzmkhbdvmqi6y4d-python3-3.11.9-env/lib/python3.11/site-packages/openlane/scripts/base.sdc'…
[WARNING] No CLOCK_PORT found. A dummy clock will be used.
Warning: base.sdc line 15, port '__VIRTUAL_CLK__' not found.
[INFO] Using clock __VIRTUAL_CLK__…
[INFO] Setting output delay to: 2
[INFO] Setting input delay to: 2
Warning: base.sdc line 32, port '__VIRTUAL_CLK__' not found.
[INFO] Setting load to: 0.033442
[INFO] Setting clock uncertainty to: 0.25
[INFO] Setting clock transition to: 0.1499999999999999944488848768742172978818416595458984375
Warning: base.sdc line 69, transition time can not be specified for virtual clocks.
[INFO] Setting timing derate to: 5%
Warning: base.sdc line 79, virtual clock __VIRTUAL_CLK__ can not be propagated.
Reading top-level design parasitics for the 'min_ss_100C_1v60' corner at '/local/proj/swanson/revA0/digital/tristate_test/runs/RUN_2024-10-24_18-27-05/50-openroad-rcx/min/tristate_test.min.spef'…
%OL_CREATE_REPORT min.rpt

===========================================================================
report_checks -path_delay min (Hold)
============================================================================
======================= min_ss_100C_1v60 Corner ===================================

Startpoint: en (input port clocked by __VIRTUAL_CLK__)
Endpoint: out (output port clocked by __VIRTUAL_CLK__)
Path Group: __VIRTUAL_CLK__
Path Type: min

Fanout         Cap        Slew       Delay        Time   Description
---------------------------------------------------------------------------------------------
                      0.000000    0.000000    0.000000   clock __VIRTUAL_CLK__ (rise edge)
                                  0.000000    0.000000   clock network delay (ideal)
                                  2.000000    2.000000 v input external delay
     1    0.005032    0.027231    0.016247    2.016247 v en (in)
                                                         en (net)
                      0.027240    0.000000    2.016247 v input1/A (sky130_fd_sc_hd__clkbuf_1)
     1    0.005222    0.074741    0.162558    2.178804 v input1/X (sky130_fd_sc_hd__clkbuf_1)
                                                         net1 (net)
                      0.074741    0.000058    2.178862 v _1_/A (sky130_fd_sc_hd__inv_2)
     1    0.012520    0.099454    0.118307    2.297169 ^ _1_/Y (sky130_fd_sc_hd__inv_2)
                                                         _0_ (net)
                      0.099454    0.000130    2.297299 ^ _2_/TE_B (sky130_fd_sc_hd__ebufn_8)
     1    0.048403    0.000000    0.079501    2.376800 v _2_/Z (sky130_fd_sc_hd__ebufn_8)
                                                         out (net)
                      0.000000    0.001192    2.377992 v out (out)
                                              2.377992   data arrival time

                      0.000000    0.000000    0.000000   clock __VIRTUAL_CLK__ (rise edge)
                                  0.000000    0.000000   clock network delay (ideal)
                                  0.250000    0.250000   clock uncertainty
                                  0.000000    0.250000   clock reconvergence pessimism
                                 -2.000000   -1.750000   output external delay
                                             -1.750000   data required time
---------------------------------------------------------------------------------------------
                                             -1.750000   data required time
                                             -2.377992   data arrival time
---------------------------------------------------------------------------------------------
                                              4.127992   slack (MET)



%OL_END_REPORT
%OL_CREATE_REPORT max.rpt

===========================================================================
report_checks -path_delay max (Setup)
============================================================================
======================= min_ss_100C_1v60 Corner ===================================

Startpoint: en (input port clocked by __VIRTUAL_CLK__)
Endpoint: out (output port clocked by __VIRTUAL_CLK__)
Path Group: __VIRTUAL_CLK__
Path Type: max

Fanout         Cap        Slew       Delay        Time   Description
---------------------------------------------------------------------------------------------
                      0.000000    0.000000    0.000000   clock __VIRTUAL_CLK__ (rise edge)
                                  0.000000    0.000000   clock network delay (ideal)
                                  2.000000    2.000000 ^ input external delay
     1    0.005161    0.048284    0.028233    2.028233 ^ en (in)
                                                         en (net)
                      0.048284    0.000000    2.028233 ^ input1/A (sky130_fd_sc_hd__clkbuf_1)
     1    0.005531    0.120432    0.176639    2.204872 ^ input1/X (sky130_fd_sc_hd__clkbuf_1)
                                                         net1 (net)
                      0.120432    0.000061    2.204934 ^ _1_/A (sky130_fd_sc_hd__inv_2)
     1    0.010626    0.058286    0.100256    2.305189 v _1_/Y (sky130_fd_sc_hd__inv_2)
                                                         _0_ (net)
                      0.058286    0.000110    2.305299 v _2_/TE_B (sky130_fd_sc_hd__ebufn_8)
     1    0.048403    0.144100    0.326681    2.631981 v _2_/Z (sky130_fd_sc_hd__ebufn_8)
                                                         out (net)
                      0.144108    0.001193    2.633174 v out (out)
                                              2.633174   data arrival time

                      0.000000   10.000000   10.000000   clock __VIRTUAL_CLK__ (rise edge)
                                  0.000000   10.000000   clock network delay (ideal)
                                 -0.250000    9.750000   clock uncertainty
                                  0.000000    9.750000   clock reconvergence pessimism
                                 -2.000000    7.750000   output external delay
                                              7.750000   data required time
---------------------------------------------------------------------------------------------
                                              7.750000   data required time
                                             -2.633174   data arrival time
---------------------------------------------------------------------------------------------
                                              5.116826   slack (MET)



%OL_END_REPORT
%OL_CREATE_REPORT checks.rpt

===========================================================================
report_checks -unconstrained
===========================================================================
======================= min_ss_100C_1v60 Corner ===================================

Startpoint: en (input port clocked by __VIRTUAL_CLK__)
Endpoint: out (output port clocked by __VIRTUAL_CLK__)
Path Group: __VIRTUAL_CLK__
Path Type: max

Fanout         Cap        Slew       Delay        Time   Description
---------------------------------------------------------------------------------------------
                      0.000000    0.000000    0.000000   clock __VIRTUAL_CLK__ (rise edge)
                                  0.000000    0.000000   clock network delay (ideal)
                                  2.000000    2.000000 ^ input external delay
     1    0.005161    0.048284    0.028233    2.028233 ^ en (in)
                                                         en (net)
                      0.048284    0.000000    2.028233 ^ input1/A (sky130_fd_sc_hd__clkbuf_1)
     1    0.005531    0.120432    0.176639    2.204872 ^ input1/X (sky130_fd_sc_hd__clkbuf_1)
                                                         net1 (net)
                      0.120432    0.000061    2.204934 ^ _1_/A (sky130_fd_sc_hd__inv_2)
     1    0.010626    0.058286    0.100256    2.305189 v _1_/Y (sky130_fd_sc_hd__inv_2)
                                                         _0_ (net)
                      0.058286    0.000110    2.305299 v _2_/TE_B (sky130_fd_sc_hd__ebufn_8)
     1    0.048403    0.144100    0.326681    2.631981 v _2_/Z (sky130_fd_sc_hd__ebufn_8)
                                                         out (net)
                      0.144108    0.001193    2.633174 v out (out)
                                              2.633174   data arrival time

                      0.000000   10.000000   10.000000   clock __VIRTUAL_CLK__ (rise edge)
                                  0.000000   10.000000   clock network delay (ideal)
                                 -0.250000    9.750000   clock uncertainty
                                  0.000000    9.750000   clock reconvergence pessimism
                                 -2.000000    7.750000   output external delay
                                              7.750000   data required time
---------------------------------------------------------------------------------------------
                                              7.750000   data required time
                                             -2.633174   data arrival time
---------------------------------------------------------------------------------------------
                                              5.116826   slack (MET)




===========================================================================
report_checks --slack_max -0.01
============================================================================
======================= min_ss_100C_1v60 Corner ===================================

No paths found.


===========================================================================
 report_check_types -max_slew -max_cap -max_fanout -violators
============================================================================
======================= min_ss_100C_1v60 Corner ===================================



===========================================================================
report_parasitic_annotation -report_unannotated
============================================================================
Found 0 unannotated drivers.
Found 0 partially unannotated drivers.

===========================================================================
max slew violation count 0
%OL_METRIC_I design__max_slew_violation__count__corner:min_ss_100C_1v60 0
max fanout violation count 0
%OL_METRIC_I design__max_fanout_violation__count__corner:min_ss_100C_1v60 0
max cap violation count 0
%OL_METRIC_I design__max_cap_violation__count__corner:min_ss_100C_1v60 0
============================================================================

===========================================================================
check_setup -verbose -unconstrained_endpoints -multiple_clock -no_clock -no_input_delay -loops -generated_clocks
===========================================================================
%OL_END_REPORT
%OL_CREATE_REPORT power.rpt

===========================================================================
 report_power
============================================================================
======================= min_ss_100C_1v60 Corner ===================================

Group                    Internal    Switching      Leakage        Total
                            Power        Power        Power        Power (Watts)
------------------------------------------------------------------------
Sequential           0.000000e+00 0.000000e+00 0.000000e+00 0.000000e+00   0.0%
Combinational        6.490432e-07 9.147824e-07 2.280142e-08 1.586627e-06 100.0%
Clock                0.000000e+00 0.000000e+00 1.232473e-10 1.232473e-10   0.0%
Macro                0.000000e+00 0.000000e+00 0.000000e+00 0.000000e+00   0.0%
Pad                  0.000000e+00 0.000000e+00 0.000000e+00 0.000000e+00   0.0%
------------------------------------------------------------------------
Total                6.490432e-07 9.147824e-07 2.292467e-08 1.586750e-06 100.0%
                            40.9%        57.7%         1.4%
%OL_METRIC_F power__internal__total 6.490432156169845e-7
%OL_METRIC_F power__switching__total 9.147823902821983e-7
%OL_METRIC_F power__leakage__total 2.2924670162183247e-8
%OL_METRIC_F power__total 1.5867503861954901e-6

%OL_END_REPORT
%OL_CREATE_REPORT skew.min.rpt

===========================================================================
Clock Skew (Hold)
============================================================================
%OL_METRIC_F clock__skew__worst_hold__corner:min_ss_100C_1v60 0.0
======================= min_ss_100C_1v60 Corner ===================================

Clock __VIRTUAL_CLK__
No launch/capture paths found.

%OL_END_REPORT
%OL_CREATE_REPORT skew.max.rpt

===========================================================================
Clock Skew (Setup)
============================================================================
%OL_METRIC_F clock__skew__worst_setup__corner:min_ss_100C_1v60 0.0
======================= min_ss_100C_1v60 Corner ===================================

Clock __VIRTUAL_CLK__
No launch/capture paths found.

%OL_END_REPORT
%OL_CREATE_REPORT ws.min.rpt

===========================================================================
Worst Slack (Hold)
============================================================================
%OL_METRIC_F timing__hold__ws__corner:min_ss_100C_1v60 4.127992287058385
min_ss_100C_1v60: 4.127992287058385
%OL_END_REPORT
%OL_CREATE_REPORT ws.max.rpt

===========================================================================
Worst Slack (Setup)
============================================================================
%OL_METRIC_F timing__setup__ws__corner:min_ss_100C_1v60 5.116826218672419
min_ss_100C_1v60: 5.116826218672419
%OL_END_REPORT
%OL_CREATE_REPORT tns.min.rpt

===========================================================================
Total Negative Slack (Hold)
============================================================================
%OL_METRIC_F timing__hold__tns__corner:min_ss_100C_1v60 0.0
min_ss_100C_1v60: 0.0
%OL_END_REPORT
%OL_CREATE_REPORT tns.max.rpt

===========================================================================
Total Negative Slack (Setup)
============================================================================
%OL_METRIC_F timing__setup__tns__corner:min_ss_100C_1v60 0.0
min_ss_100C_1v60: 0.0
%OL_END_REPORT
%OL_CREATE_REPORT wns.min.rpt

===========================================================================
Worst Negative Slack (Hold)
============================================================================
%OL_METRIC_F timing__hold__wns__corner:min_ss_100C_1v60 0
min_ss_100C_1v60: 0
%OL_END_REPORT
%OL_CREATE_REPORT wns.max.rpt

===========================================================================
Worst Negative Slack (Setup)
============================================================================
%OL_METRIC_F timing__setup__wns__corner:min_ss_100C_1v60 0.0
min_ss_100C_1v60: 0.0
%OL_END_REPORT
%OL_CREATE_REPORT violator_list.rpt

===========================================================================
Violator List
============================================================================
%OL_METRIC_I timing__hold_vio__count__corner:min_ss_100C_1v60 0
%OL_METRIC_F timing__hold_r2r__ws__corner:min_ss_100C_1v60 inf
%OL_METRIC_I timing__hold_r2r_vio__count__corner:min_ss_100C_1v60 0
%OL_METRIC_I timing__setup_vio__count__corner:min_ss_100C_1v60 0
%OL_METRIC_F timing__setup_r2r__ws__corner:min_ss_100C_1v60 inf
%OL_METRIC_I timing__setup_r2r_vio__count__corner:min_ss_100C_1v60 0
%OL_END_REPORT
%OL_CREATE_REPORT unpropagated.rpt
__VIRTUAL_CLK__
%OL_END_REPORT
Writing SDF files for all corners…
Removing Clock latencies before writing libs…
Writing timing models for all corners…
Writing timing models for the min_ss_100C_1v60 corner to /local/proj/swanson/revA0/digital/tristate_test/runs/RUN_2024-10-24_18-27-05/51-openroad-stapostpnr/min_ss_100C_1v60/tristate_test__min_ss_100C_1v60.lib…
