
===========================================================================
report_checks -path_delay max (Setup)
============================================================================
======================= nom_tt_025C_1v80 Corner ===================================

Startpoint: en (input port clocked by __VIRTUAL_CLK__)
Endpoint: out (output port clocked by __VIRTUAL_CLK__)
Path Group: __VIRTUAL_CLK__
Path Type: max

Fanout         Cap        Slew       Delay        Time   Description
---------------------------------------------------------------------------------------------
                      0.000000    0.000000    0.000000   clock __VIRTUAL_CLK__ (rise edge)
                                  0.000000    0.000000   clock network delay (ideal)
                                  2.000000    2.000000 ^ input external delay
     1    0.005411    0.031095    0.019211    2.019211 ^ en (in)
                                                         en (net)
                      0.031096    0.000000    2.019211 ^ input1/A (sky130_fd_sc_hd__clkbuf_1)
     1    0.005685    0.076047    0.098731    2.117942 ^ input1/X (sky130_fd_sc_hd__clkbuf_1)
                                                         net1 (net)
                      0.076047    0.000176    2.118118 ^ _1_/A (sky130_fd_sc_hd__inv_2)
     1    0.010137    0.033806    0.049009    2.167127 v _1_/Y (sky130_fd_sc_hd__inv_2)
                                                         _0_ (net)
                      0.033808    0.000314    2.167440 v _2_/TE_B (sky130_fd_sc_hd__ebufn_8)
     1    0.049073    0.197651    0.191629    2.359069 ^ _2_/Z (sky130_fd_sc_hd__ebufn_8)
                                                         out (net)
                      0.197669    0.001923    2.360992 ^ out (out)
                                              2.360992   data arrival time

                      0.000000   10.000000   10.000000   clock __VIRTUAL_CLK__ (rise edge)
                                  0.000000   10.000000   clock network delay (ideal)
                                 -0.250000    9.750000   clock uncertainty
                                  0.000000    9.750000   clock reconvergence pessimism
                                 -2.000000    7.750000   output external delay
                                              7.750000   data required time
---------------------------------------------------------------------------------------------
                                              7.750000   data required time
                                             -2.360992   data arrival time
---------------------------------------------------------------------------------------------
                                              5.389008   slack (MET)



