
===========================================================================
report_checks -path_delay min (Hold)
============================================================================
======================= nom_tt_025C_1v80 Corner ===================================

Startpoint: en (input port clocked by __VIRTUAL_CLK__)
Endpoint: out (output port clocked by __VIRTUAL_CLK__)
Path Group: __VIRTUAL_CLK__
Path Type: min

Fanout         Cap        Slew       Delay        Time   Description
---------------------------------------------------------------------------------------------
                      0.000000    0.000000    0.000000   clock __VIRTUAL_CLK__ (rise edge)
                                  0.000000    0.000000   clock network delay (ideal)
                                  2.000000    2.000000 v input external delay
     1    0.005235    0.014136    0.008512    2.008512 v en (in)
                                                         en (net)
                      0.014137    0.000000    2.008512 v input1/A (sky130_fd_sc_hd__clkbuf_1)
     1    0.005319    0.039654    0.086163    2.094675 v input1/X (sky130_fd_sc_hd__clkbuf_1)
                                                         net1 (net)
                      0.039654    0.000164    2.094839 v _1_/A (sky130_fd_sc_hd__inv_2)
     1    0.012251    0.061280    0.068140    2.162979 ^ _1_/Y (sky130_fd_sc_hd__inv_2)
                                                         _0_ (net)
                      0.061284    0.000381    2.163359 ^ _2_/TE_B (sky130_fd_sc_hd__ebufn_8)
     1    0.049073    0.000000    0.052619    2.215978 v _2_/Z (sky130_fd_sc_hd__ebufn_8)
                                                         out (net)
                      0.000000    0.001917    2.217895 v out (out)
                                              2.217895   data arrival time

                      0.000000    0.000000    0.000000   clock __VIRTUAL_CLK__ (rise edge)
                                  0.000000    0.000000   clock network delay (ideal)
                                  0.250000    0.250000   clock uncertainty
                                  0.000000    0.250000   clock reconvergence pessimism
                                 -2.000000   -1.750000   output external delay
                                             -1.750000   data required time
---------------------------------------------------------------------------------------------
                                             -1.750000   data required time
                                             -2.217895   data arrival time
---------------------------------------------------------------------------------------------
                                              3.967895   slack (MET)



