Reading OpenROAD database at '/local/proj/swanson/revA0/digital/tristate_test/runs/RUN_2024-10-24_18-27-05/39-openroad-repairantennas/1-diodeinsertion/tristate_test.odb'…
Reading library file at '/home/rtsang/.volare/volare/sky130/versions/bdc9412b3e468c102d01b7cf6337be06ec6e9c9a/sky130A/libs.ref/sky130_fd_sc_hd/lib/sky130_fd_sc_hd__tt_025C_1v80.lib'…
Reading design constraints file at '/nix/store/ly8g3mcmscy67krhznzmkhbdvmqi6y4d-python3-3.11.9-env/lib/python3.11/site-packages/openlane/scripts/base.sdc'…
[WARNING] No CLOCK_PORT found. A dummy clock will be used.
[WARNING STA-0366] port '__VIRTUAL_CLK__' not found.
[INFO] Using clock __VIRTUAL_CLK__…
[INFO] Setting output delay to: 2
[INFO] Setting input delay to: 2
[WARNING STA-0366] port '__VIRTUAL_CLK__' not found.
[INFO] Setting load to: 0.033442
[INFO] Setting clock uncertainty to: 0.25
[INFO] Setting clock transition to: 0.1499999999999999944488848768742172978818416595458984375
[WARNING STA-0419] transition time can not be specified for virtual clocks.
[INFO] Setting timing derate to: 5%
[WARNING STA-0450] virtual clock __VIRTUAL_CLK__ can not be propagated.
[INFO ORD-0030] Using 12 thread(s).
[INFO DRT-0149] Reading tech and libs.
[WARNING DRT-0349] LEF58_ENCLOSURE with no CUTCLASS is not supported. Skipping for layer mcon
[WARNING DRT-0349] LEF58_ENCLOSURE with no CUTCLASS is not supported. Skipping for layer mcon
[WARNING DRT-0349] LEF58_ENCLOSURE with no CUTCLASS is not supported. Skipping for layer via
[WARNING DRT-0349] LEF58_ENCLOSURE with no CUTCLASS is not supported. Skipping for layer via
[WARNING DRT-0349] LEF58_ENCLOSURE with no CUTCLASS is not supported. Skipping for layer via2
[WARNING DRT-0349] LEF58_ENCLOSURE with no CUTCLASS is not supported. Skipping for layer via2
[WARNING DRT-0349] LEF58_ENCLOSURE with no CUTCLASS is not supported. Skipping for layer via3
[WARNING DRT-0349] LEF58_ENCLOSURE with no CUTCLASS is not supported. Skipping for layer via3
[WARNING DRT-0349] LEF58_ENCLOSURE with no CUTCLASS is not supported. Skipping for layer via4
[WARNING DRT-0349] LEF58_ENCLOSURE with no CUTCLASS is not supported. Skipping for layer via4

Units:                1000
Number of layers:     13
Number of macros:     441
Number of vias:       29
Number of viarulegen: 25

[INFO DRT-0150] Reading design.

Design:                   tristate_test
Die area:                 ( 0 0 ) ( 100000 100000 )
Number of track patterns: 12
Number of DEF vias:       0
Number of components:     45
Number of terminals:      5
Number of snets:          2
Number of nets:           6

[INFO DRT-0167] List of default vias:
  Layer via
    default via: M1M2_PR
  Layer via2
    default via: M2M3_PR
  Layer via3
    default via: M3M4_PR
  Layer via4
    default via: M4M5_PR
[INFO DRT-0162] Library cell analysis.
[INFO DRT-0163] Instance analysis.
[INFO DRT-0164] Number of unique instances = 10.
[INFO DRT-0168] Init region query.
[INFO DRT-0024]   Complete FR_MASTERSLICE.
[INFO DRT-0024]   Complete Fr_VIA.
[INFO DRT-0024]   Complete li1.
[INFO DRT-0024]   Complete mcon.
[INFO DRT-0024]   Complete met1.
[INFO DRT-0024]   Complete via.
[INFO DRT-0024]   Complete met2.
[INFO DRT-0024]   Complete via2.
[INFO DRT-0024]   Complete met3.
[INFO DRT-0024]   Complete via3.
[INFO DRT-0024]   Complete met4.
[INFO DRT-0024]   Complete via4.
[INFO DRT-0024]   Complete met5.
[INFO DRT-0033] FR_MASTERSLICE shape region query size = 0.
[INFO DRT-0033] FR_VIA shape region query size = 0.
[INFO DRT-0033] li1 shape region query size = 296.
[INFO DRT-0033] mcon shape region query size = 248.
[INFO DRT-0033] met1 shape region query size = 135.
[INFO DRT-0033] via shape region query size = 168.
[INFO DRT-0033] met2 shape region query size = 56.
[INFO DRT-0033] via2 shape region query size = 140.
[INFO DRT-0033] met3 shape region query size = 87.
[INFO DRT-0033] via3 shape region query size = 140.
[INFO DRT-0033] met4 shape region query size = 42.
[INFO DRT-0033] via4 shape region query size = 6.
[INFO DRT-0033] met5 shape region query size = 12.
[INFO DRT-0165] Start pin access.
[INFO DRT-0078]   Complete 9 pins.
[INFO DRT-0081]   Complete 4 unique inst patterns.
[INFO DRT-0084]   Complete 4 groups.
#scanned instances     = 45
#unique  instances     = 10
#stdCellGenAp          = 136
#stdCellValidPlanarAp  = 0
#stdCellValidViaAp     = 80
#stdCellPinNoAp        = 0
#stdCellPinCnt         = 9
#instTermValidViaApCnt = 0
#macroGenAp            = 0
#macroValidPlanarAp    = 0
#macroValidViaAp       = 0
#macroNoAp             = 0
[INFO DRT-0166] Complete pin access.
[INFO DRT-0267] cpu time = 00:00:00, elapsed time = 00:00:00, memory = 114.42 (MB), peak = 114.42 (MB)

Number of guides:     30

[INFO DRT-0169] Post process guides.
[INFO DRT-0176] GCELLGRID X 0 DO 14 STEP 6900 ;
[INFO DRT-0177] GCELLGRID Y 0 DO 14 STEP 6900 ;
[INFO DRT-0028]   Complete FR_MASTERSLICE.
[INFO DRT-0028]   Complete Fr_VIA.
[INFO DRT-0028]   Complete li1.
[INFO DRT-0028]   Complete mcon.
[INFO DRT-0028]   Complete met1.
[INFO DRT-0028]   Complete via.
[INFO DRT-0028]   Complete met2.
[INFO DRT-0028]   Complete via2.
[INFO DRT-0028]   Complete met3.
[INFO DRT-0028]   Complete via3.
[INFO DRT-0028]   Complete met4.
[INFO DRT-0028]   Complete via4.
[INFO DRT-0028]   Complete met5.
[INFO DRT-0178] Init guide query.
[INFO DRT-0035]   Complete FR_MASTERSLICE (guide).
[INFO DRT-0035]   Complete Fr_VIA (guide).
[INFO DRT-0035]   Complete li1 (guide).
[INFO DRT-0035]   Complete mcon (guide).
[INFO DRT-0035]   Complete met1 (guide).
[INFO DRT-0035]   Complete via (guide).
[INFO DRT-0035]   Complete met2 (guide).
[INFO DRT-0035]   Complete via2 (guide).
[INFO DRT-0035]   Complete met3 (guide).
[INFO DRT-0035]   Complete via3 (guide).
[INFO DRT-0035]   Complete met4 (guide).
[INFO DRT-0035]   Complete via4 (guide).
[INFO DRT-0035]   Complete met5 (guide).
[INFO DRT-0036] FR_MASTERSLICE guide region query size = 0.
[INFO DRT-0036] FR_VIA guide region query size = 0.
[INFO DRT-0036] li1 guide region query size = 7.
[INFO DRT-0036] mcon guide region query size = 0.
[INFO DRT-0036] met1 guide region query size = 5.
[INFO DRT-0036] via guide region query size = 0.
[INFO DRT-0036] met2 guide region query size = 4.
[INFO DRT-0036] via2 guide region query size = 0.
[INFO DRT-0036] met3 guide region query size = 3.
[INFO DRT-0036] via3 guide region query size = 0.
[INFO DRT-0036] met4 guide region query size = 0.
[INFO DRT-0036] via4 guide region query size = 0.
[INFO DRT-0036] met5 guide region query size = 0.
[INFO DRT-0179] Init gr pin query.
[INFO DRT-0245] skipped writing guide updates to database.
[INFO DRT-0185] Post process initialize RPin region query.
[INFO DRT-0181] Start track assignment.
[INFO DRT-0184] Done with 11 vertical wires in 1 frboxes and 8 horizontal wires in 1 frboxes.
[INFO DRT-0186] Done with 0 vertical wires in 1 frboxes and 0 horizontal wires in 1 frboxes.
[INFO DRT-0182] Complete track assignment.
[INFO DRT-0267] cpu time = 00:00:00, elapsed time = 00:00:00, memory = 114.92 (MB), peak = 114.92 (MB)
[INFO DRT-0187] Start routing data preparation.
[INFO DRT-0267] cpu time = 00:00:00, elapsed time = 00:00:00, memory = 114.92 (MB), peak = 114.92 (MB)
[INFO DRT-0194] Start detail routing.
[INFO DRT-0195] Start 0th optimization iteration.
    Completing 10% with 0 violations.
    elapsed time = 00:00:00, memory = 115.94 (MB).
    Completing 20% with 0 violations.
    elapsed time = 00:00:00, memory = 116.21 (MB).
    Completing 30% with 0 violations.
    elapsed time = 00:00:00, memory = 118.96 (MB).
    Completing 40% with 0 violations.
    elapsed time = 00:00:00, memory = 119.08 (MB).
[INFO DRT-0199]   Number of violations = 0.
[INFO DRT-0267] cpu time = 00:00:00, elapsed time = 00:00:00, memory = 436.56 (MB), peak = 478.58 (MB)
Total wire length = 129 um.
Total wire length on LAYER li1 = 0 um.
Total wire length on LAYER met1 = 48 um.
Total wire length on LAYER met2 = 10 um.
Total wire length on LAYER met3 = 70 um.
Total wire length on LAYER met4 = 0 um.
Total wire length on LAYER met5 = 0 um.
Total number of vias = 21.
Up-via summary (total 21):

---------------------
 FR_MASTERSLICE     0
            li1     9
           met1     9
           met2     3
           met3     0
           met4     0
---------------------
                   21


[INFO DRT-0198] Complete detail routing.
Total wire length = 129 um.
Total wire length on LAYER li1 = 0 um.
Total wire length on LAYER met1 = 48 um.
Total wire length on LAYER met2 = 10 um.
Total wire length on LAYER met3 = 70 um.
Total wire length on LAYER met4 = 0 um.
Total wire length on LAYER met5 = 0 um.
Total number of vias = 21.
Up-via summary (total 21):

---------------------
 FR_MASTERSLICE     0
            li1     9
           met1     9
           met2     3
           met3     0
           met4     0
---------------------
                   21


[INFO DRT-0267] cpu time = 00:00:00, elapsed time = 00:00:00, memory = 436.68 (MB), peak = 478.58 (MB)

[INFO DRT-0180] Post processing.
Setting global connections for newly added cells…
[INFO] Setting global connections...
Writing OpenROAD database to '/local/proj/swanson/revA0/digital/tristate_test/runs/RUN_2024-10-24_18-27-05/41-openroad-detailedrouting/tristate_test.odb'…
Writing netlist to '/local/proj/swanson/revA0/digital/tristate_test/runs/RUN_2024-10-24_18-27-05/41-openroad-detailedrouting/tristate_test.nl.v'…
Writing powered netlist to '/local/proj/swanson/revA0/digital/tristate_test/runs/RUN_2024-10-24_18-27-05/41-openroad-detailedrouting/tristate_test.pnl.v'…
Writing layout to '/local/proj/swanson/revA0/digital/tristate_test/runs/RUN_2024-10-24_18-27-05/41-openroad-detailedrouting/tristate_test.def'…
Writing timing constraints to '/local/proj/swanson/revA0/digital/tristate_test/runs/RUN_2024-10-24_18-27-05/41-openroad-detailedrouting/tristate_test.sdc'…
