
===========================================================================
report_checks -path_delay max (Setup)
============================================================================
======================= nom_tt_025C_1v80 Corner ===================================

Startpoint: en (input port clocked by __VIRTUAL_CLK__)
Endpoint: out (output port clocked by __VIRTUAL_CLK__)
Path Group: __VIRTUAL_CLK__
Path Type: max

Fanout         Cap        Slew       Delay        Time   Description
---------------------------------------------------------------------------------------------
                      0.000000    0.000000    0.000000   clock __VIRTUAL_CLK__ (rise edge)
                                  0.000000    0.000000   clock network delay (ideal)
                                  2.000000    2.000000 ^ input external delay
     1    0.004938    0.029021    0.017635    2.017635 ^ en (in)
                                                         en (net)
                      0.029021    0.000000    2.017635 ^ input1/A (sky130_fd_sc_hd__clkbuf_1)
     1    0.005186    0.072767    0.094141    2.111775 ^ input1/X (sky130_fd_sc_hd__clkbuf_1)
                                                         net1 (net)
                      0.072767    0.000014    2.111789 ^ _1_/A (sky130_fd_sc_hd__inv_2)
     1    0.009905    0.032485    0.047885    2.159674 v _1_/Y (sky130_fd_sc_hd__inv_2)
                                                         _0_ (net)
                      0.032485    0.000022    2.159696 v _2_/TE_B (sky130_fd_sc_hd__ebufn_8)
     1    0.048167    0.193908    0.189227    2.348922 ^ _2_/Z (sky130_fd_sc_hd__ebufn_8)
                                                         out (net)
                      0.193909    0.000748    2.349670 ^ out (out)
                                              2.349670   data arrival time

                      0.000000   10.000000   10.000000   clock __VIRTUAL_CLK__ (rise edge)
                                  0.000000   10.000000   clock network delay (ideal)
                                 -0.250000    9.750000   clock uncertainty
                                  0.000000    9.750000   clock reconvergence pessimism
                                 -2.000000    7.750000   output external delay
                                              7.750000   data required time
---------------------------------------------------------------------------------------------
                                              7.750000   data required time
                                             -2.349670   data arrival time
---------------------------------------------------------------------------------------------
                                              5.400330   slack (MET)



