Reading OpenROAD database at '/local/proj/swanson/revA0/digital/tristate_test/runs/RUN_2024-10-24_18-27-05/24-openroad-ioplacement/tristate_test.odb'…
Reading library file at '/home/rtsang/.volare/volare/sky130/versions/bdc9412b3e468c102d01b7cf6337be06ec6e9c9a/sky130A/libs.ref/sky130_fd_sc_hd/lib/sky130_fd_sc_hd__tt_025C_1v80.lib'…
Reading design constraints file at '/nix/store/ly8g3mcmscy67krhznzmkhbdvmqi6y4d-python3-3.11.9-env/lib/python3.11/site-packages/openlane/scripts/base.sdc'…
[WARNING] No CLOCK_PORT found. A dummy clock will be used.
[WARNING STA-0366] port '__VIRTUAL_CLK__' not found.
[INFO] Using clock __VIRTUAL_CLK__…
[INFO] Setting output delay to: 2
[INFO] Setting input delay to: 2
[WARNING STA-0366] port '__VIRTUAL_CLK__' not found.
[INFO] Setting load to: 0.033442
[INFO] Setting clock uncertainty to: 0.25
[INFO] Setting clock transition to: 0.1499999999999999944488848768742172978818416595458984375
[WARNING STA-0419] transition time can not be specified for virtual clocks.
[INFO] Setting timing derate to: 5%
[WARNING STA-0450] virtual clock __VIRTUAL_CLK__ can not be propagated.
[INFO] Setting RC values…
[INFO] Setting signal min routing layer to: met1 and clock min routing layer to met1. 
[INFO] Setting signal max routing layer to: met5 and clock max routing layer to met5. 
[INFO GPL-0002] DBU: 1000
[INFO GPL-0003] SiteSize: (  0.460  2.720 ) um
[INFO GPL-0004] CoreBBox: ( 30.360 32.640 ) ( 69.920 68.000 ) um
[INFO GPL-0006] NumInstances:                43
[INFO GPL-0007] NumPlaceInstances:            2
[INFO GPL-0008] NumFixedInstances:           41
[INFO GPL-0009] NumDummyInstances:            0
[INFO GPL-0010] NumNets:                      4
[INFO GPL-0011] NumPins:                      8
[INFO GPL-0012] DieBBox:  (  0.000  0.000 ) ( 100.000 100.000 ) um
[INFO GPL-0013] CoreBBox: ( 30.360 32.640 ) ( 69.920 68.000 ) um
[INFO GPL-0016] CoreArea:              1398.842 um^2
[INFO GPL-0017] NonPlaceInstsArea:      116.362 um^2
[INFO GPL-0018] PlaceInstsArea:          15.014 um^2
[INFO GPL-0019] Util:                     1.171 %
[INFO GPL-0020] StdInstsArea:            15.014 um^2
[INFO GPL-0021] MacroInstsArea:           0.000 um^2
[InitialPlace]  Iter: 1 CG residual: 0.00000000 HPWL: 170530
[InitialPlace]  Iter: 2 CG residual: 0.00000007 HPWL: 155438
[InitialPlace]  Iter: 3 CG residual: 0.00000001 HPWL: 142858
[InitialPlace]  Iter: 4 CG residual: 0.00000000 HPWL: 134510
[InitialPlace]  Iter: 5 CG residual: 0.00000000 HPWL: 129591
[INFO GPL-0031] FillerInit:NumGCells:        40
[INFO GPL-0032] FillerInit:NumGNets:          4
[INFO GPL-0033] FillerInit:NumGPins:          8
[INFO GPL-0023] TargetDensity:            0.124
[INFO GPL-0024] AvrgPlaceInstArea:        7.507 um^2
[INFO GPL-0025] IdealBinArea:            60.469 um^2
[INFO GPL-0026] IdealBinCnt:                 23
[INFO GPL-0027] TotalBinArea:          1398.842 um^2
[INFO GPL-0028] BinCnt:         4      4
[INFO GPL-0029] BinSize: (  9.890  8.840 )
[INFO GPL-0030] NumBins: 16
[NesterovSolve] Iter:    1 overflow: 0.000 HPWL: 132852
[INFO GPL-0100] worst slack 5.51e-09
[INFO GPL-0103] Weighted 0 nets.
[NesterovSolve] Snapshot saved at iter = 0
[INFO GPL-0075] Routability numCall: 1 inflationIterCnt: 1 bloatIterCnt: 0
[INFO GPL-0036] TileBBox: (    0    0 ) ( 6900 6900 ) DBU
[INFO GPL-0038] TileCnt:      14   14
[INFO GPL-0039] numRoutingLayers: 6
[INFO GPL-0040] NumTiles: 196
[INFO GPL-0063] TotalRouteOverflowH2: 0
[INFO GPL-0064] TotalRouteOverflowV2: 0
[INFO GPL-0065] OverflowTileCnt2: 0
[INFO GPL-0066] 0.5%RC: 0.6667
[INFO GPL-0067] 1.0%RC: 0.6667
[INFO GPL-0068] 2.0%RC: 0.6042
[INFO GPL-0069] 5.0%RC: 0.5383
[INFO GPL-0070] 0.5rcK: 1
[INFO GPL-0071] 1.0rcK: 1
[INFO GPL-0072] 2.0rcK: 0
[INFO GPL-0073] 5.0rcK: 0
[INFO GPL-0074] FinalRC: 0.6667
[INFO GPL-0077] FinalRC lower than targetRC(1), routability not needed.
[NesterovSolve] Finished with Overflow: 0.000000
[INFO] Setting RC values…
Setting global connections for newly added cells…
[INFO] Setting global connections...
Writing OpenROAD database to '/local/proj/swanson/revA0/digital/tristate_test/runs/RUN_2024-10-24_18-27-05/27-openroad-globalplacement/tristate_test.odb'…
Writing netlist to '/local/proj/swanson/revA0/digital/tristate_test/runs/RUN_2024-10-24_18-27-05/27-openroad-globalplacement/tristate_test.nl.v'…
Writing powered netlist to '/local/proj/swanson/revA0/digital/tristate_test/runs/RUN_2024-10-24_18-27-05/27-openroad-globalplacement/tristate_test.pnl.v'…
Writing layout to '/local/proj/swanson/revA0/digital/tristate_test/runs/RUN_2024-10-24_18-27-05/27-openroad-globalplacement/tristate_test.def'…
Writing timing constraints to '/local/proj/swanson/revA0/digital/tristate_test/runs/RUN_2024-10-24_18-27-05/27-openroad-globalplacement/tristate_test.sdc'…
