
===========================================================================
report_checks -path_delay min (Hold)
============================================================================
======================= max_ss_100C_1v60 Corner ===================================

Startpoint: en (input port clocked by __VIRTUAL_CLK__)
Endpoint: out (output port clocked by __VIRTUAL_CLK__)
Path Group: __VIRTUAL_CLK__
Path Type: min

Fanout         Cap        Slew       Delay        Time   Description
---------------------------------------------------------------------------------------------
                      0.000000    0.000000    0.000000   clock __VIRTUAL_CLK__ (rise edge)
                                  0.000000    0.000000   clock network delay (ideal)
                                  2.000000    2.000000 v input external delay
     1    0.005150    0.027714    0.016705    2.016705 v en (in)
                                                         en (net)
                      0.027716    0.000000    2.016705 v input1/A (sky130_fd_sc_hd__clkbuf_1)
     1    0.005400    0.076610    0.164067    2.180772 v input1/X (sky130_fd_sc_hd__clkbuf_1)
                                                         net1 (net)
                      0.076611    0.000385    2.181158 v _1_/A (sky130_fd_sc_hd__inv_2)
     1    0.012649    0.100459    0.119232    2.300389 ^ _1_/Y (sky130_fd_sc_hd__inv_2)
                                                         _0_ (net)
                      0.100473    0.001000    2.301389 ^ _2_/TE_B (sky130_fd_sc_hd__ebufn_8)
     1    0.049053    0.000000    0.079375    2.380764 v _2_/Z (sky130_fd_sc_hd__ebufn_8)
                                                         out (net)
                      0.000000    0.003236    2.384000 v out (out)
                                              2.384000   data arrival time

                      0.000000    0.000000    0.000000   clock __VIRTUAL_CLK__ (rise edge)
                                  0.000000    0.000000   clock network delay (ideal)
                                  0.250000    0.250000   clock uncertainty
                                  0.000000    0.250000   clock reconvergence pessimism
                                 -2.000000   -1.750000   output external delay
                                             -1.750000   data required time
---------------------------------------------------------------------------------------------
                                             -1.750000   data required time
                                             -2.384000   data arrival time
---------------------------------------------------------------------------------------------
                                              4.134000   slack (MET)



