
===========================================================================
report_checks -path_delay max (Setup)
============================================================================
======================= nom_ss_100C_1v60 Corner ===================================

Startpoint: en (input port clocked by __VIRTUAL_CLK__)
Endpoint: out (output port clocked by __VIRTUAL_CLK__)
Path Group: __VIRTUAL_CLK__
Path Type: max

Fanout         Cap        Slew       Delay        Time   Description
---------------------------------------------------------------------------------------------
                      0.000000    0.000000    0.000000   clock __VIRTUAL_CLK__ (rise edge)
                                  0.000000    0.000000   clock network delay (ideal)
                                  2.000000    2.000000 ^ input external delay
     1    0.005345    0.049543    0.029242    2.029242 ^ en (in)
                                                         en (net)
                      0.049544    0.000000    2.029242 ^ input1/A (sky130_fd_sc_hd__clkbuf_1)
     1    0.005652    0.122599    0.178705    2.207947 ^ input1/X (sky130_fd_sc_hd__clkbuf_1)
                                                         net1 (net)
                      0.122599    0.000175    2.208122 ^ _1_/A (sky130_fd_sc_hd__inv_2)
     1    0.010696    0.058959    0.101229    2.309351 v _1_/Y (sky130_fd_sc_hd__inv_2)
                                                         _0_ (net)
                      0.058960    0.000332    2.309683 v _2_/TE_B (sky130_fd_sc_hd__ebufn_8)
     1    0.048780    0.145243    0.327317    2.637000 v _2_/Z (sky130_fd_sc_hd__ebufn_8)
                                                         out (net)
                      0.145269    0.001923    2.638923 v out (out)
                                              2.638923   data arrival time

                      0.000000   10.000000   10.000000   clock __VIRTUAL_CLK__ (rise edge)
                                  0.000000   10.000000   clock network delay (ideal)
                                 -0.250000    9.750000   clock uncertainty
                                  0.000000    9.750000   clock reconvergence pessimism
                                 -2.000000    7.750000   output external delay
                                              7.750000   data required time
---------------------------------------------------------------------------------------------
                                              7.750000   data required time
                                             -2.638923   data arrival time
---------------------------------------------------------------------------------------------
                                              5.111077   slack (MET)



