
===========================================================================
report_checks -path_delay min (Hold)
============================================================================
======================= nom_ff_n40C_1v95 Corner ===================================

Startpoint: en (input port clocked by __VIRTUAL_CLK__)
Endpoint: out (output port clocked by __VIRTUAL_CLK__)
Path Group: __VIRTUAL_CLK__
Path Type: min

Fanout         Cap        Slew       Delay        Time   Description
---------------------------------------------------------------------------------------------
                      0.000000    0.000000    0.000000   clock __VIRTUAL_CLK__ (rise edge)
                                  0.000000    0.000000   clock network delay (ideal)
                                  2.000000    2.000000 v input external delay
     1    0.004285    0.007170    0.003546    2.003546 v en (in)
                                                         en (net)
                      0.007170    0.000000    2.003546 v _1_/A (sky130_fd_sc_hd__inv_2)
     1    0.004377    0.020365    0.022187    2.025732 ^ _1_/Y (sky130_fd_sc_hd__inv_2)
                                                         _0_ (net)
                      0.020365    0.000000    2.025732 ^ _2_/TE_B (sky130_fd_sc_hd__ebufn_2)
     1    0.036285    0.000000    0.025321    2.051053 v _2_/Z (sky130_fd_sc_hd__ebufn_2)
                                                         out (net)
                      0.000000    0.000000    2.051053 v out (out)
                                              2.051053   data arrival time

                      0.000000    0.000000    0.000000   clock __VIRTUAL_CLK__ (rise edge)
                                  0.000000    0.000000   clock network delay (ideal)
                                  0.250000    0.250000   clock uncertainty
                                  0.000000    0.250000   clock reconvergence pessimism
                                 -2.000000   -1.750000   output external delay
                                             -1.750000   data required time
---------------------------------------------------------------------------------------------
                                             -1.750000   data required time
                                             -2.051053   data arrival time
---------------------------------------------------------------------------------------------
                                              3.801053   slack (MET)



